<?xml version="1.0" encoding="UTF-8"?>
<!-- Generated by org.testng.reporters.JUnitXMLReporter -->
<testsuite ignored="2" hostname="DESKTOP-OECPI9S" failures="0" tests="2" name="Test" time="17.413" errors="0" timestamp="2024-05-25T08:51:48 IST">
  <testcase classname="cars.FerariTest" name="launch" time="11.307"/>
  <testcase classname="cars.TataTest" name="launch" time="6.084"/>
  <testcase classname="cars.LamboTest" name="launch" time="0.0">
    <ignored/>
  </testcase> <!-- launch -->
  <testcase classname="cars.FordTest" name="launch" time="0.0">
    <ignored/>
  </testcase> <!-- launch -->
</testsuite> <!-- Test -->
