<?xml version="1.0" encoding="UTF-8"?>
<!-- Generated by org.testng.reporters.JUnitXMLReporter -->
<testsuite ignored="0" hostname="DESKTOP-OECPI9S" failures="0" tests="10" name="Command line test" time="170.459" errors="0" timestamp="2024-05-25T08:35:25 IST">
  <testcase classname="cars.FerariTest" name="launch" time="11.008"/>
  <testcase classname="cars.FordTest" name="launch" time="125.421"/>
  <testcase classname="cars.LamboTest" name="launch" time="4.219"/>
  <testcase classname="cars.TataTest" name="launch" time="6.312"/>
  <testcase classname="Demo.mavenParameterTest" name="recievedata" time="6.508"/>
  <testcase classname="Demo.SampleTest" name="test" time="0.001"/>
  <testcase classname="jobwebsite.fordTest" name="launch" time="2.815"/>
  <testcase classname="jobwebsite.GlassdoorTest" name="launch" time="5.168"/>
  <testcase classname="jobwebsite.LinkedINTest" name="launch" time="4.746"/>
  <testcase classname="jobwebsite.NaukariTest" name="launch" time="4.232"/>
</testsuite> <!-- Command line test -->
