<?xml version="1.0" encoding="UTF-8"?>
<testng-results ignored="0" total="1" passed="1" failed="0" skipped="0">
  <reporter-output>
    <line>
      <![CDATA[***************Home page displayed]]>
    </line>
  </reporter-output>
  <suite started-at="2024-05-29T08:38:37 IST" name="Demo.DemoAppSkillRary" finished-at="2024-05-29T08:38:45 IST" duration-ms="8145">
    <groups>
    </groups>
    <test started-at="2024-05-29T08:38:37 IST" name="Command line test" finished-at="2024-05-29T08:38:45 IST" duration-ms="8145">
      <class name="Demo.DemoAppSkillRary">
        <test-method signature="login()[pri:0, instance:Demo.DemoAppSkillRary@3b2c72c2]" started-at="2024-05-29T08:38:37 IST" name="login" finished-at="2024-05-29T08:38:45 IST" duration-ms="8114" status="PASS">
          <reporter-output>
            <line>
              <![CDATA[***************Home page displayed]]>
            </line>
          </reporter-output>
        </test-method> <!-- login -->
      </class> <!-- Demo.DemoAppSkillRary -->
    </test> <!-- Command line test -->
  </suite> <!-- Demo.DemoAppSkillRary -->
</testng-results>
