<?xml version="1.0" encoding="UTF-8"?>
<!-- Generated by org.testng.reporters.JUnitXMLReporter -->
<testsuite ignored="2" hostname="DESKTOP-OECPI9S" failures="0" tests="2" name="Test" time="56.891" errors="0" timestamp="2024-05-24T10:00:38 IST">
  <testcase classname="cars.LamboTest" name="launch" time="37.792"/>
  <testcase classname="cars.FordTest" name="launch" time="18.912"/>
  <testcase classname="cars.FerariTest" name="launch" time="0.0">
    <ignored/>
  </testcase> <!-- launch -->
  <testcase classname="cars.TataTest" name="launch" time="0.0">
    <ignored/>
  </testcase> <!-- launch -->
</testsuite> <!-- Test -->
