<?xml version="1.0" encoding="UTF-8"?>
<testng-results ignored="0" total="1" passed="1" failed="0" skipped="0">
  <reporter-output>
  </reporter-output>
  <suite started-at="2024-06-05T00:38:46 IST" name="Default suite" finished-at="2024-06-05T00:38:46 IST" duration-ms="430">
    <groups>
    </groups>
    <test started-at="2024-06-05T00:38:46 IST" name="Default test" finished-at="2024-06-05T00:38:46 IST" duration-ms="430">
      <class name="extentreports.ToLearnExtentReports">
        <test-method signature="report()[pri:0, instance:extentreports.ToLearnExtentReports@f78a47e]" started-at="2024-06-05T00:38:46 IST" name="report" finished-at="2024-06-05T00:38:46 IST" duration-ms="398" status="PASS">
          <reporter-output>
          </reporter-output>
        </test-method> <!-- report -->
      </class> <!-- extentreports.ToLearnExtentReports -->
    </test> <!-- Default test -->
  </suite> <!-- Default suite -->
</testng-results>
